\BOOKMARK [0][-]{part.1}{I }{}% 1
\BOOKMARK [1][-]{section.1}{Conceptual Role Semantics and Externalism}{part.1}% 2
\BOOKMARK [2][-]{subsection.1.1}{ push0 g 0 Gpop logoCyan!50push0 g 0 Gpoptowidthheightdepth=0.3=\transparent@usepush0 g 0 Gpop=1=\transparent@use logoBlue!80push0 g 0 Gpoptowidthheightdepth }{section.1}% 3
\BOOKMARK [2][-]{subsection.1.2}{ push0 g 0 Gpop logoCyan!50push0 g 0 Gpoptowidthheightdepth=0.3=\transparent@usepush0 g 0 Gpop=1=\transparent@use logoBlue!80push0 g 0 Gpoptowidthheightdepth }{section.1}% 4
\BOOKMARK [1][-]{section.2}{Truth-Theoretic Semantics and Enaction}{part.1}% 5
\BOOKMARK [2][-]{subsection.2.1}{ push0 g 0 Gpop logoCyan!50push0 g 0 Gpoptowidthheightdepth=0.3=\transparent@usepush0 g 0 Gpop=1=\transparent@use logoBlue!80push0 g 0 Gpoptowidthheightdepth }{section.2}% 6
\BOOKMARK [2][-]{subsection.2.2}{ push0 g 0 Gpop logoCyan!50push0 g 0 Gpoptowidthheightdepth=0.3=\transparent@usepush0 g 0 Gpop=1=\transparent@useMeanings and State-Change logoBlue!80push0 g 0 Gpoptowidthheightdepth }{section.2}% 7
\BOOKMARK [2][-]{subsection.2.3}{ push0 g 0 Gpop logoCyan!50push0 g 0 Gpoptowidthheightdepth=0.3=\transparent@usepush0 g 0 Gpop=1=\transparent@useTruth Conditions are not Polar logoBlue!80push0 g 0 Gpoptowidthheightdepth }{section.2}% 8
\BOOKMARK [1][-]{section.3}{Cognitive and Environmental State-Change}{part.1}% 9
\BOOKMARK [2][-]{subsection.3.1}{ push0 g 0 Gpop logoCyan!50push0 g 0 Gpoptowidthheightdepth=0.3=\transparent@usepush0 g 0 Gpop=1=\transparent@use logoBlue!80push0 g 0 Gpoptowidthheightdepth }{section.3}% 10
\BOOKMARK [2][-]{subsection.3.2}{ push0 g 0 Gpop logoCyan!50push0 g 0 Gpoptowidthheightdepth=0.3=\transparent@usepush0 g 0 Gpop=1=\transparent@useThe illogic of syntax logoBlue!80push0 g 0 Gpoptowidthheightdepth }{section.3}% 11
\BOOKMARK [1][-]{section.4}{Conceptual Space Theory and the Interface Theory of Meaning}{part.1}% 12
\BOOKMARK [2][-]{subsection.4.1}{ push0 g 0 Gpop logoCyan!50push0 g 0 Gpoptowidthheightdepth=0.3=\transparent@usepush0 g 0 Gpop=1=\transparent@use logoBlue!80push0 g 0 Gpoptowidthheightdepth }{section.4}% 13
\BOOKMARK [2][-]{subsection.4.2}{ push0 g 0 Gpop logoCyan!50push0 g 0 Gpoptowidthheightdepth=0.3=\transparent@usepush0 g 0 Gpop=1=\transparent@use logoBlue!80push0 g 0 Gpoptowidthheightdepth }{section.4}% 14
\BOOKMARK [2][-]{subsection.4.3}{ push0 g 0 Gpop logoCyan!50push0 g 0 Gpoptowidthheightdepth=0.3=\transparent@usepush0 g 0 Gpop=1=\transparent@use logoBlue!80push0 g 0 Gpoptowidthheightdepth }{section.4}% 15
\BOOKMARK [2][-]{subsection.4.4}{ push0 g 0 Gpop logoCyan!50push0 g 0 Gpoptowidthheightdepth=0.3=\transparent@usepush0 g 0 Gpop=1=\transparent@use logoBlue!80push0 g 0 Gpoptowidthheightdepth }{section.4}% 16
\BOOKMARK [0][-]{part.2}{II }{}% 17
\BOOKMARK [1][-]{section.5}{Cognitive and Computational Process}{part.2}% 18
\BOOKMARK [2][-]{subsection.5.1}{ push0 g 0 Gpop logoCyan!50push0 g 0 Gpoptowidthheightdepth=0.3=\transparent@usepush0 g 0 Gpop=1=\transparent@use logoBlue!80push0 g 0 Gpoptowidthheightdepth }{section.5}% 19
\BOOKMARK [1][-]{section.6}{Procedures and Integration}{part.2}% 20
\BOOKMARK [2][-]{subsection.6.1}{ push0 g 0 Gpop logoCyan!50push0 g 0 Gpoptowidthheightdepth=0.3=\transparent@usepush0 g 0 Gpop=1=\transparent@use logoBlue!80push0 g 0 Gpoptowidthheightdepth }{section.6}% 21
\BOOKMARK [2][-]{subsection.6.2}{ push0 g 0 Gpop logoCyan!50push0 g 0 Gpoptowidthheightdepth=0.3=\transparent@usepush0 g 0 Gpop=1=\transparent@usePhenomnology and the Semantic Web logoBlue!80push0 g 0 Gpoptowidthheightdepth }{section.6}% 22
\BOOKMARK [2][-]{subsection.6.3}{ push0 g 0 Gpop logoCyan!50push0 g 0 Gpoptowidthheightdepth=0.3=\transparent@usepush0 g 0 Gpop=1=\transparent@use logoBlue!80push0 g 0 Gpoptowidthheightdepth }{section.6}% 23
\BOOKMARK [1][-]{section.7}{Procedural Networks and Link Grammar}{part.2}% 24
\BOOKMARK [2][-]{subsection.7.1}{ push0 g 0 Gpop logoCyan!50push0 g 0 Gpoptowidthheightdepth=0.3=\transparent@usepush0 g 0 Gpop=1=\transparent@use logoBlue!80push0 g 0 Gpoptowidthheightdepth }{section.7}% 25
\BOOKMARK [1][-]{section.8}{Cognitive Grammar and Type Theoretic Semantics}{part.2}% 26
\BOOKMARK [2][-]{subsection.8.1}{ push0 g 0 Gpop logoCyan!50push0 g 0 Gpoptowidthheightdepth=0.3=\transparent@usepush0 g 0 Gpop=1=\transparent@useComparing paradigms logoBlue!80push0 g 0 Gpoptowidthheightdepth }{section.8}% 27
\BOOKMARK [2][-]{subsection.8.2}{ push0 g 0 Gpop logoCyan!50push0 g 0 Gpoptowidthheightdepth=0.3=\transparent@usepush0 g 0 Gpop=1=\transparent@useExplanation and Formality logoBlue!80push0 g 0 Gpoptowidthheightdepth }{section.8}% 28
\BOOKMARK [1][-]{section.9}{Link Grammar and Type Theoretic Semantics}{part.2}% 29
\BOOKMARK [2][-]{subsection.9.1}{ push0 g 0 Gpop logoCyan!50push0 g 0 Gpoptowidthheightdepth=0.3=\transparent@usepush0 g 0 Gpop=1=\transparent@useTypes, Sets, and Concepts logoBlue!80push0 g 0 Gpoptowidthheightdepth }{section.9}% 30
\BOOKMARK [2][-]{subsection.9.2}{ push0 g 0 Gpop logoCyan!50push0 g 0 Gpoptowidthheightdepth=0.3=\transparent@usepush0 g 0 Gpop=1=\transparent@useThree tiers of linguistic type theory logoBlue!80push0 g 0 Gpoptowidthheightdepth }{section.9}% 31
\BOOKMARK [2][-]{subsection.9.3}{ push0 g 0 Gpop logoCyan!50push0 g 0 Gpoptowidthheightdepth=0.3=\transparent@usepush0 g 0 Gpop=1=\transparent@useLevels of formalization logoBlue!80push0 g 0 Gpoptowidthheightdepth }{section.9}% 32
\BOOKMARK [1][-]{section.10}{Conclusion}{part.2}% 33
