This is pdfTeX, Version 3.14159265-2.6-1.40.19 (TeX Live 2018) (preloaded format=pdflatex 2019.5.4)  24 JUN 2019 14:34
entering extended mode
 restricted \write18 enabled.
 %&-line parsing enabled.
**barcode.tex
(./barcode.tex
LaTeX2e <2018-04-01> patch level 2
Babel <3.18> and hyphenation patterns for 84 language(s) loaded.
(/home/nlevisrael/texl/texlive-install/texmf-dist/tex/latex/base/article.cls
Document Class: article 2014/09/29 v1.4h Standard LaTeX document class
(/home/nlevisrael/texl/texlive-install/texmf-dist/tex/latex/base/size10.clo
File: size10.clo 2014/09/29 v1.4h Standard LaTeX file (size option)
)
\c@part=\count80
\c@section=\count81
\c@subsection=\count82
\c@subsubsection=\count83
\c@paragraph=\count84
\c@subparagraph=\count85
\c@figure=\count86
\c@table=\count87
\abovecaptionskip=\skip41
\belowcaptionskip=\skip42
\bibindent=\dimen102
)
(/home/nlevisrael/texl/texlive-install/texmf-dist/tex/latex/qrcode/qrcode.sty
Package: qrcode 2015/01/08 v1.51 QR code generation

(/home/nlevisrael/texl/texlive-install/texmf-dist/tex/latex/xcolor/xcolor.sty
Package: xcolor 2016/05/11 v2.12 LaTeX color extensions (UK)

(/home/nlevisrael/texl/texlive-install/texmf-dist/tex/latex/graphics-cfg/color.
cfg
File: color.cfg 2016/01/02 v1.6 sample color configuration
)
Package xcolor Info: Driver file: pdftex.def on input line 225.

(/home/nlevisrael/texl/texlive-install/texmf-dist/tex/latex/graphics-def/pdftex
.def
File: pdftex.def 2018/01/08 v1.0l Graphics/color driver for pdftex
)
Package xcolor Info: Model `cmy' substituted by `cmy0' on input line 1348.
Package xcolor Info: Model `hsb' substituted by `rgb' on input line 1352.
Package xcolor Info: Model `RGB' extended on input line 1364.
Package xcolor Info: Model `HTML' substituted by `rgb' on input line 1366.
Package xcolor Info: Model `Hsb' substituted by `hsb' on input line 1367.
Package xcolor Info: Model `tHsb' substituted by `hsb' on input line 1368.
Package xcolor Info: Model `HSB' substituted by `hsb' on input line 1369.
Package xcolor Info: Model `Gray' substituted by `gray' on input line 1370.
Package xcolor Info: Model `wave' substituted by `hsb' on input line 1371.
)
(/home/nlevisrael/texl/texlive-install/texmf-dist/tex/latex/xkeyval/xkeyval.sty
Package: xkeyval 2014/12/03 v2.7a package option processing (HA)

(/home/nlevisrael/texl/texlive-install/texmf-dist/tex/generic/xkeyval/xkeyval.t
ex
(/home/nlevisrael/texl/texlive-install/texmf-dist/tex/generic/xkeyval/xkvutils.
tex
\XKV@toks=\toks14
\XKV@tempa@toks=\toks15

(/home/nlevisrael/texl/texlive-install/texmf-dist/tex/generic/xkeyval/keyval.te
x))
\XKV@depth=\count88
File: xkeyval.tex 2014/12/03 v2.7a key=value parser (HA)
))
\c@qr@i=\count89
\c@qr@j=\count90
\qr@a=\count91
\qr@b=\count92
\qr@c=\count93
\qr@for@depth=\count94
\qr@for@maxdepth=\count95
\qr@for@start=\count96
\qr@for@end=\count97
\qr@for@step=\count98
\qr@newforcount=\count99
\qr@newforcount=\count100
\qr@desiredheight=\skip43
\qr@modulesize=\skip44
\qr@minipagewidth=\skip45
\c@maski=\count101
\c@maskj=\count102
\c@totalones=\count103
\c@penaltyi=\count104
\c@penaltyii=\count105
\c@penaltyiii=\count106
\c@penaltyiv=\count107
\c@qr@hexchars=\count108
\qr@newforcount=\count109
\c@qr@divisionsremaining=\count110
) (./barcode.aux)
\openout1 = `barcode.aux'.

LaTeX Font Info:    Checking defaults for OML/cmm/m/it on input line 3.
LaTeX Font Info:    ... okay on input line 3.
LaTeX Font Info:    Checking defaults for T1/cmr/m/n on input line 3.
LaTeX Font Info:    ... okay on input line 3.
LaTeX Font Info:    Checking defaults for OT1/cmr/m/n on input line 3.
LaTeX Font Info:    ... okay on input line 3.
LaTeX Font Info:    Checking defaults for OMS/cmsy/m/n on input line 3.
LaTeX Font Info:    ... okay on input line 3.
LaTeX Font Info:    Checking defaults for OMX/cmex/m/n on input line 3.
LaTeX Font Info:    ... okay on input line 3.
LaTeX Font Info:    Checking defaults for U/cmr/m/n on input line 3.
LaTeX Font Info:    ... okay on input line 3.

(/home/nlevisrael/texl/texlive-install/texmf-dist/tex/context/base/mkii/supp-pd
f.mkii
[Loading MPS to PDF converter (version 2006.09.02).]
\scratchcounter=\count111
\scratchdimen=\dimen103
\scratchbox=\box26
\nofMPsegments=\count112
\nofMParguments=\count113
\everyMPshowfont=\toks16
\MPscratchCnt=\count114
\MPscratchDim=\dimen104
\MPnumerator=\count115
\makeMPintoPDFobject=\count116
\everyMPtoPDFconversion=\toks17
)


<QR code requested for "https://www.ctan.org/tex-archive/macros/latex/contrib/q
rcode?lang=en" in version 0-M.>

<Calculating QR code for "https://www.ctan.org/tex-archive/macros/latex/contrib
/qrcode?lang=en" in version 5-M.>
<Splitting off block 1> <Splitting off block 2> <Making error block 1>
<Making error block 2> <Interleaving datablocks of length 43\ and 44:  1, 2,
3, 4, 5, 6, 7, 8, 9, 10, 11, 12, 13, 14, 15, 16, 17, 18, 19, 20, 21, 22, 23,
24, 25, 26, 27, 28, 29, 30, 31, 32, 33, 34, 35, 36, 37, 38, 39, 40, 41, 42,
43, .> <Interleaving errorblocks of length 24:  1, 2, 3, 4, 5, 6, 7, 8, 9, 10,
11, 12, 13, 14, 15, 16, 17, 18, 19, 20, 21, 22, 23, 24,
.><Interleaving complete.> <Writing data... done.>
<Applying Mask 0... done. Calculating penalty... penalty is 1587>
<Applying Mask 1... done. Calculating penalty... penalty is 1544>
<Applying Mask 2... done. Calculating penalty... penalty is 1522>
<Applying Mask 3... done. Calculating penalty... penalty is 1553>
<Applying Mask 4... done. Calculating penalty... penalty is 1624>
<Applying Mask 5... done. Calculating penalty... penalty is 1463>
<Applying Mask 6... done. Calculating penalty... penalty is 1471>
<Applying Mask 7... done. Calculating penalty... penalty is 1476>
<Selected Mask 5>
<Encoding and writing format string... done.>
<Encoding and writing version information... done.>
<Saving QR code to memory... done.>
<Writing QR code to aux file... done.>
<Printing matrix...
LaTeX Font Info:    External font `cmex10' loaded for size
(Font)              <7> on input line 6.
LaTeX Font Info:    External font `cmex10' loaded for size
(Font)              <5> on input line 6.
 done.>




<QR code requested for "https://www.ctan.org/tex-archive/macros/latex/contrib/q
rcode?lang=en" in version 0-M.>

<Copying the QR code for "https://www.ctan.org/tex-archive/macros/latex/contrib
/qrcode?lang=en" in version 5-M as previously calculated.>
[1

{/home/nlevisrael/texl/texlive-install/texmf-var/fonts/map/pdftex/updmap/pdftex
.map}] (./barcode.aux
<Reading QR code for "https://www.ctan.org/tex-archive/macros/latex/contrib/qrc
ode?lang=en" at level 5-M from aux file.>
) ) 
Here is how much of TeX's memory you used:
 6913 strings out of 492649
 103762 string characters out of 6122986
 152362 words of memory out of 5000000
 10847 multiletter control sequences out of 15000+600000
 3640 words of font info for 14 fonts, out of 8000000 for 9000
 1141 hyphenation exceptions out of 8191
 84i,5n,309p,1584b,2954s stack positions out of 5000i,500n,10000p,200000b,80000s
</home/nlevisrael/texl/texlive-install/texmf-dist/fonts/type1/public/amsfont
s/cm/cmr10.pfb>
Output written on barcode.pdf (1 page, 18507 bytes).
PDF statistics:
 12 PDF objects out of 1000 (max. 8388607)
 7 compressed objects within 1 object stream
 0 named destinations out of 1000 (max. 500000)
 1 words of extra memory for PDF output out of 10000 (max. 10000000)

