This is pdfTeX, Version 3.14159265-2.6-1.40.19 (TeX Live 2018) (preloaded format=pdflatex 2019.5.4)  23 JUN 2019 16:05
entering extended mode
 restricted \write18 enabled.
 %&-line parsing enabled.
**g.tex
(./g.tex
LaTeX2e <2018-04-01> patch level 2
Babel <3.18> and hyphenation patterns for 84 language(s) loaded.
(/home/nlevisrael/texl/texlive-install/texmf-dist/tex/latex/base/book.cls
Document Class: book 2014/09/29 v1.4h Standard LaTeX document class
(/home/nlevisrael/texl/texlive-install/texmf-dist/tex/latex/base/bk11.clo
File: bk11.clo 2014/09/29 v1.4h Standard LaTeX file (size option)
)
\c@part=\count80
\c@chapter=\count81
\c@section=\count82
\c@subsection=\count83
\c@subsubsection=\count84
\c@paragraph=\count85
\c@subparagraph=\count86
\c@figure=\count87
\c@table=\count88
\abovecaptionskip=\skip41
\belowcaptionskip=\skip42
\bibindent=\dimen102
)
(/home/nlevisrael/texl/texlive-install/texmf-dist/tex/latex/fancyhdr/fancyhdr.s
ty
Package: fancyhdr 2017/06/30 v3.9a Extensive control of page headers and footer
s
\f@nch@headwidth=\skip43
\f@nch@O@elh=\skip44
\f@nch@O@erh=\skip45
\f@nch@O@olh=\skip46
\f@nch@O@orh=\skip47
\f@nch@O@elf=\skip48
\f@nch@O@erf=\skip49
\f@nch@O@olf=\skip50
\f@nch@O@orf=\skip51
)
(/home/nlevisrael/texl/texlive-install/texmf-dist/tex/latex/geometry/geometry.s
ty
Package: geometry 2018/03/24 v5.7 Page Geometry

(/home/nlevisrael/texl/texlive-install/texmf-dist/tex/latex/graphics/keyval.sty
Package: keyval 2014/10/28 v1.15 key=value parser (DPC)
\KV@toks@=\toks14
)
(/home/nlevisrael/texl/texlive-install/texmf-dist/tex/generic/oberdiek/ifpdf.st
y
Package: ifpdf 2017/03/15 v3.2 Provides the ifpdf switch
)
(/home/nlevisrael/texl/texlive-install/texmf-dist/tex/generic/oberdiek/ifvtex.s
ty
Package: ifvtex 2016/05/16 v1.6 Detect VTeX and its facilities (HO)
Package ifvtex Info: VTeX not detected.
)
(/home/nlevisrael/texl/texlive-install/texmf-dist/tex/generic/ifxetex/ifxetex.s
ty
Package: ifxetex 2010/09/12 v0.6 Provides ifxetex conditional
)
\Gm@cnth=\count89
\Gm@cntv=\count90
\c@Gm@tempcnt=\count91
\Gm@bindingoffset=\dimen103
\Gm@wd@mp=\dimen104
\Gm@odd@mp=\dimen105
\Gm@even@mp=\dimen106
\Gm@layoutwidth=\dimen107
\Gm@layoutheight=\dimen108
\Gm@layouthoffset=\dimen109
\Gm@layoutvoffset=\dimen110
\Gm@dimlist=\toks15
)
(/home/nlevisrael/texl/texlive-install/texmf-dist/tex/latex/base/ifthen.sty
Package: ifthen 2014/09/29 v1.1c Standard LaTeX ifthen package (DPC)
)
(/home/nlevisrael/texl/texlive-install/texmf-dist/tex/latex/base/makeidx.sty
Package: makeidx 2014/09/29 v1.0m Standard LaTeX package
)
(/home/nlevisrael/texl/texlive-install/texmf-dist/tex/latex/tools/multicol.sty
Package: multicol 2018/04/01 v1.8r multicolumn formatting (FMi)
\c@tracingmulticols=\count92
\mult@box=\box26
\multicol@leftmargin=\dimen111
\c@unbalance=\count93
\c@collectmore=\count94
\doublecol@number=\count95
\multicoltolerance=\count96
\multicolpretolerance=\count97
\full@width=\dimen112
\page@free=\dimen113
\premulticols=\dimen114
\postmulticols=\dimen115
\multicolsep=\skip52
\multicolbaselineskip=\skip53
\partial@page=\box27
\last@line=\box28
\maxbalancingoverflow=\dimen116
\mult@rightbox=\box29
\mult@grightbox=\box30
\mult@gfirstbox=\box31
\mult@firstbox=\box32
\@tempa=\box33
\@tempa=\box34
\@tempa=\box35
\@tempa=\box36
\@tempa=\box37
\@tempa=\box38
\@tempa=\box39
\@tempa=\box40
\@tempa=\box41
\@tempa=\box42
\@tempa=\box43
\@tempa=\box44
\@tempa=\box45
\@tempa=\box46
\@tempa=\box47
\@tempa=\box48
\@tempa=\box49
\c@columnbadness=\count98
\c@finalcolumnbadness=\count99
\last@try=\dimen117
\multicolovershoot=\dimen118
\multicolundershoot=\dimen119
\mult@nat@firstbox=\box50
\colbreak@box=\box51
\mc@col@check@num=\count100
)
(/home/nlevisrael/texl/texlive-install/texmf-dist/tex/latex/mparhack/mparhack.s
ty
Package: mparhack 2005/04/17 v1.4 (T. Sgouros and S. Ulrich)
)
(/home/nlevisrael/texl/texlive-install/texmf-dist/tex/latex/poemscol/poemscol.s
ty
Package: poemscol 2018/01/11 v2.98 poemscol file
\titleindentamount=\dimen120
\titleindenttwoamount=\dimen121
\titleindentthreeamount=\dimen122
\volumetitleshiftamount=\dimen123
\voladditionalamount=\dimen124
\contentsindentoneamount=\dimen125
\contentsindenttwoamount=\dimen126
\contentsindentthreeamount=\dimen127
\contentsindentfouramount=\dimen128
\contentsindentfiveamount=\dimen129
\marginparsepmin=\skip54
\versemarginadjust=\skip55
\c@verselinenumber=\count101
\c@printlineindex=\count102
\c@verselinenumberscratch=\count103
\c@printlineindexscratch=\count104
\c@lineindexrepeat=\count105
\c@lemmalines=\count106
\c@lemmaend=\count107
\c@poemnumber=\count108
\c@notepageholdertitle=\count109
\c@notepageholdernote=\count110
\fulltitleholder=\toks16
\titlesofar=\toks17
\titleincrement=\toks18
\@indexfile=\write3
\openout3 = `g.idx'.


Writing index file g.idx
\headoffsetlength=\skip56

Package Fancyhdr Warning: \fancyhfoffset's `E' option without twoside option is
 useless on input line 262.


Package Fancyhdr Warning: \fancyhead's `E' option without twoside option is use
less on input line 264.


Package Fancyhdr Warning: \fancyhead's `E' option without twoside option is use
less on input line 266.


Package Fancyhdr Warning: \fancyfoot's `E' option without twoside option is use
less on input line 267.

\singlelineabbrev=\toks19
\multiplelineabbrev=\toks20
\singlepageabbrev=\toks21
\multiplepageabbrev=\toks22
\contentsentryoverrun=\skip57
\titleentryoverrun=\skip58
\versewidth=\skip59
\@memcnta=\count111
\c@cp@cntr=\count112
\pmclsideparvshift=\skip60
\pmclcontentsname=\toks23
\pmclcontentsheader=\toks24
\noteindentation=\skip61
\pmclnotesname=\toks25
\notesheadername=\toks26
\textnotescontentsname=\toks27
\emendationsname=\toks28
\emendationsheadername=\toks29
\emendationscontentsname=\toks30
\explanationsname=\toks31
\explanationsheadername=\toks32
\explanationscontentsname=\toks33
\c@margrefnumber=\count113
\margrefmarker=\toks34
\centerepigraphindentation=\skip62
\normalepigraphindentation=\skip63
\dateindent=\skip64
\c@proselinenumber=\count114
\c@prosemodulo=\count115
\pmnoteheader=\toks35
\c@pmsentencenumber=\count116
\c@pmmodulo=\count117
\c@pmindexcount=\count118
\c@pmparagraph=\count119
\pmrangeend=\toks36
\pmclsavsk=\dimen130
\pmclsavsf=\count120
\c@rectolinecounter=\count121
\c@rectoindexscratch=\count122
\c@versolinecounter=\count123
\c@versoindexscratch=\count124
\versotitleholder=\toks37
\rectotitleholder=\toks38
\synchroflag=\toks39
\versotextnotesname=\toks40
\versotextnotesheadername=\toks41
\versotextnotescontentsname=\toks42
\rectotextnotesname=\toks43
\rectotextnotesheadername=\toks44
\rectotextnotescontentsname=\toks45
\versoemendationsname=\toks46
\versoemendationsheadername=\toks47
\versoemendationscontentsname=\toks48
\rectoemendationsname=\toks49
\rectoemendationsheadername=\toks50
\rectoemendationscontentsname=\toks51
\versoexplanationsname=\toks52
\versoexplanationsheadername=\toks53
\versoexplanationscontentsname=\toks54
\rectoexplanationsname=\toks55
\rectoexplanationsheadername=\toks56
\rectoexplanationscontentsname=\toks57
\c@prosepage=\count125
\c@versoproselinecounter=\count126
\c@rectoproselinecounter=\count127
\poemindexname=\toks58
\poemindexheadername=\toks59
\poemindexcontentsname=\toks60
\poemindexlabelname=\toks61
\epigraphquoteleftmargin=\skip65
\epigraphquoterightmargin=\skip66
) (/home/nlevisrael/texl/texlive-install/texmf-dist/tex/latex/psnfss/times.sty
Package: times 2005/04/12 PSNFSS-v9.2a (SPQR) 
)
(/home/nlevisrael/texl/texlive-install/texmf-dist/tex/latex/hyperref/hyperref.s
ty
Package: hyperref 2018/02/06 v6.86b Hypertext links for LaTeX

(/home/nlevisrael/texl/texlive-install/texmf-dist/tex/generic/oberdiek/hobsub-h
yperref.sty
Package: hobsub-hyperref 2016/05/16 v1.14 Bundle oberdiek, subset hyperref (HO)


(/home/nlevisrael/texl/texlive-install/texmf-dist/tex/generic/oberdiek/hobsub-g
eneric.sty
Package: hobsub-generic 2016/05/16 v1.14 Bundle oberdiek, subset generic (HO)
Package: hobsub 2016/05/16 v1.14 Construct package bundles (HO)
Package: infwarerr 2016/05/16 v1.4 Providing info/warning/error messages (HO)
Package: ltxcmds 2016/05/16 v1.23 LaTeX kernel commands for general use (HO)
Package: ifluatex 2016/05/16 v1.4 Provides the ifluatex switch (HO)
Package ifluatex Info: LuaTeX not detected.
Package hobsub Info: Skipping package `ifvtex' (already loaded).
Package: intcalc 2016/05/16 v1.2 Expandable calculations with integers (HO)
Package hobsub Info: Skipping package `ifpdf' (already loaded).
Package: etexcmds 2016/05/16 v1.6 Avoid name clashes with e-TeX commands (HO)
Package etexcmds Info: Could not find \expanded.
(etexcmds)             That can mean that you are not using pdfTeX 1.50 or
(etexcmds)             that some package has redefined \expanded.
(etexcmds)             In the latter case, load this package earlier.
Package: kvsetkeys 2016/05/16 v1.17 Key value parser (HO)
Package: kvdefinekeys 2016/05/16 v1.4 Define keys (HO)
Package: pdftexcmds 2018/01/30 v0.27 Utility functions of pdfTeX for LuaTeX (HO
)
Package pdftexcmds Info: LuaTeX not detected.
Package pdftexcmds Info: \pdf@primitive is available.
Package pdftexcmds Info: \pdf@ifprimitive is available.
Package pdftexcmds Info: \pdfdraftmode found.
Package: pdfescape 2016/05/16 v1.14 Implements pdfTeX's escape features (HO)
Package: bigintcalc 2016/05/16 v1.4 Expandable calculations on big integers (HO
)
Package: bitset 2016/05/16 v1.2 Handle bit-vector datatype (HO)
Package: uniquecounter 2016/05/16 v1.3 Provide unlimited unique counter (HO)
)
Package hobsub Info: Skipping package `hobsub' (already loaded).
Package: letltxmacro 2016/05/16 v1.5 Let assignment for LaTeX macros (HO)
Package: hopatch 2016/05/16 v1.3 Wrapper for package hooks (HO)
Package: xcolor-patch 2016/05/16 xcolor patch
Package: atveryend 2016/05/16 v1.9 Hooks at the very end of document (HO)
Package atveryend Info: \enddocument detected (standard20110627).
Package: atbegshi 2016/06/09 v1.18 At begin shipout hook (HO)
Package: refcount 2016/05/16 v3.5 Data extraction from label references (HO)
Package: hycolor 2016/05/16 v1.8 Color options for hyperref/bookmark (HO)
)
(/home/nlevisrael/texl/texlive-install/texmf-dist/tex/latex/oberdiek/auxhook.st
y
Package: auxhook 2016/05/16 v1.4 Hooks for auxiliary files (HO)
)
(/home/nlevisrael/texl/texlive-install/texmf-dist/tex/latex/oberdiek/kvoptions.
sty
Package: kvoptions 2016/05/16 v3.12 Key value format for package options (HO)
)
\@linkdim=\dimen131
\Hy@linkcounter=\count128
\Hy@pagecounter=\count129

(/home/nlevisrael/texl/texlive-install/texmf-dist/tex/latex/hyperref/pd1enc.def
File: pd1enc.def 2018/02/06 v6.86b Hyperref: PDFDocEncoding definition (HO)
Now handling font encoding PD1 ...
... no UTF-8 mapping file for font encoding PD1
)
\Hy@SavedSpaceFactor=\count130

(/home/nlevisrael/texl/texlive-install/texmf-dist/tex/latex/latexconfig/hyperre
f.cfg
File: hyperref.cfg 2002/06/06 v1.2 hyperref configuration of TeXLive
)
Package hyperref Info: Hyper figures OFF on input line 4509.
Package hyperref Info: Link nesting OFF on input line 4514.
Package hyperref Info: Hyper index ON on input line 4517.
Package hyperref Info: Plain pages OFF on input line 4524.
Package hyperref Info: Backreferencing OFF on input line 4529.
Package hyperref Info: Implicit mode ON; LaTeX internals redefined.
Package hyperref Info: Bookmarks ON on input line 4762.
\c@Hy@tempcnt=\count131
 (/home/nlevisrael/texl/texlive-install/texmf-dist/tex/latex/url/url.sty
\Urlmuskip=\muskip10
Package: url 2013/09/16  ver 3.4  Verb mode for urls, etc.
)
LaTeX Info: Redefining \url on input line 5115.
\XeTeXLinkMargin=\dimen132
\Fld@menulength=\count132
\Field@Width=\dimen133
\Fld@charsize=\dimen134
Package hyperref Info: Hyper figures OFF on input line 6369.
Package hyperref Info: Link nesting OFF on input line 6374.
Package hyperref Info: Hyper index ON on input line 6377.
Package hyperref Info: backreferencing OFF on input line 6384.
Package hyperref Info: Link coloring OFF on input line 6389.
Package hyperref Info: Link coloring with OCG OFF on input line 6394.
Package hyperref Info: PDF/A mode OFF on input line 6399.
LaTeX Info: Redefining \ref on input line 6439.
LaTeX Info: Redefining \pageref on input line 6443.
\Hy@abspage=\count133
\c@Item=\count134
\c@Hfootnote=\count135
)
Package hyperref Info: Driver (autodetected): hpdftex.

(/home/nlevisrael/texl/texlive-install/texmf-dist/tex/latex/hyperref/hpdftex.de
f
File: hpdftex.def 2018/02/06 v6.86b Hyperref driver for pdfTeX
\Fld@listcount=\count136
\c@bookmark@seq@number=\count137

(/home/nlevisrael/texl/texlive-install/texmf-dist/tex/latex/oberdiek/rerunfilec
heck.sty
Package: rerunfilecheck 2016/05/16 v1.8 Rerun checks for auxiliary files (HO)
Package uniquecounter Info: New unique counter `rerunfilecheck' on input line 2
82.
)
\Hy@SectionHShift=\skip67
)
(/home/nlevisrael/texl/texlive-install/texmf-dist/tex/latex/needspace/needspace
.sty
Package: needspace 2010/09/12 v1.3d reserve vertical space
) (./g.aux)
\openout1 = `g.aux'.

LaTeX Font Info:    Checking defaults for OML/cmm/m/it on input line 30.
LaTeX Font Info:    ... okay on input line 30.
LaTeX Font Info:    Checking defaults for T1/cmr/m/n on input line 30.
LaTeX Font Info:    ... okay on input line 30.
LaTeX Font Info:    Checking defaults for OT1/cmr/m/n on input line 30.
LaTeX Font Info:    ... okay on input line 30.
LaTeX Font Info:    Checking defaults for OMS/cmsy/m/n on input line 30.
LaTeX Font Info:    ... okay on input line 30.
LaTeX Font Info:    Checking defaults for OMX/cmex/m/n on input line 30.
LaTeX Font Info:    ... okay on input line 30.
LaTeX Font Info:    Checking defaults for U/cmr/m/n on input line 30.
LaTeX Font Info:    ... okay on input line 30.
LaTeX Font Info:    Checking defaults for PD1/pdf/m/n on input line 30.
LaTeX Font Info:    ... okay on input line 30.
LaTeX Font Info:    Try loading font information for OT1+ptm on input line 30.

(/home/nlevisrael/texl/texlive-install/texmf-dist/tex/latex/psnfss/ot1ptm.fd
File: ot1ptm.fd 2001/06/04 font definitions for OT1/ptm.
)
*geometry* driver: auto-detecting
*geometry* detected driver: pdftex
*geometry* verbose mode - [ preamble ] result:
* driver: pdftex
* paper: <default>
* layout: <same size as paper>
* layoutoffset:(h,v)=(0.0pt,0.0pt)
* modes: 
* h-part:(L,W,R)=(90.3375pt, 433.62pt, 90.33751pt)
* v-part:(T,H,B)=(93.95099pt, 560.0925pt, 140.9265pt)
* \paperwidth=614.295pt
* \paperheight=794.96999pt
* \textwidth=433.62pt
* \textheight=560.0925pt
* \oddsidemargin=18.0675pt
* \evensidemargin=18.0675pt
* \topmargin=-10.1928pt
* \headheight=12.0pt
* \headsep=19.8738pt
* \topskip=11.0pt
* \footskip=27.46295pt
* \marginparwidth=18.0pt
* \marginparsep=18.0pt
* \columnsep=15.0pt
* \skip\footins=10.0pt plus 4.0pt minus 2.0pt
* \hoffset=0.0pt
* \voffset=0.0pt
* \mag=1000
* \@twocolumnfalse
* \@twosidefalse
* \@mparswitchfalse
* \@reversemargintrue
* (1in=72.27pt=25.4mm, 1cm=28.453pt)

\AtBeginShipoutBox=\box52
Package hyperref Info: Link coloring OFF on input line 30.

(/home/nlevisrael/texl/texlive-install/texmf-dist/tex/latex/hyperref/nameref.st
y
Package: nameref 2016/05/21 v2.44 Cross-referencing by name of section

(/home/nlevisrael/texl/texlive-install/texmf-dist/tex/generic/oberdiek/gettitle
string.sty
Package: gettitlestring 2016/05/16 v1.5 Cleanup title references (HO)
)
\c@section@level=\count138
)
LaTeX Info: Redefining \ref on input line 30.
LaTeX Info: Redefining \pageref on input line 30.
LaTeX Info: Redefining \nameref on input line 30.
 (./g.out) (./g.out)
\@outlinefile=\write4
\openout4 = `g.out'.

\textnotes=\write5
\openout5 = `g.ent'.

\emendations=\write6
\openout6 = `g.emd'.

\explanations=\write7
\openout7 = `g.enx'.



Package Fancyhdr Warning: \fancyhfoffset's `E' option without twoside option is
 useless on input line 34.


Package Fancyhdr Warning: \fancyhead's `E' option without twoside option is use
less on input line 34.


Package Fancyhdr Warning: \fancyhead's `E' option without twoside option is use
less on input line 34.


Package Fancyhdr Warning: \fancyfoot's `E' option without twoside option is use
less on input line 34.

[1



{/home/nlevisrael/texl/texlive-install/texmf-var/fonts/map/pdftex/updmap/pdftex
.map}] (./g.ctn

Package Fancyhdr Warning: \fancyhead's `E' option without twoside option is use
less on input line 19.


Package Fancyhdr Warning: \fancyhead's `E' option without twoside option is use
less on input line 31.

) [5



]

Package Fancyhdr Warning: \fancyhfoffset's `E' option without twoside option is
 useless on input line 69.


Package Fancyhdr Warning: \fancyhead's `E' option without twoside option is use
less on input line 69.


Package Fancyhdr Warning: \fancyhead's `E' option without twoside option is use
less on input line 69.


Package Fancyhdr Warning: \fancyfoot's `E' option without twoside option is use
less on input line 69.

\poemcontents=\write8
\openout8 = `g.ctn'.

LaTeX Font Info:    Font shape `OT1/ptm/bx/n' in size <10.95> not available
(Font)              Font shape `OT1/ptm/b/n' tried instead on input line 85.
LaTeX Font Info:    Font shape `OT1/ptm/bx/n' in size <10> not available
(Font)              Font shape `OT1/ptm/b/n' tried instead on input line 85.

Package Fancyhdr Warning: \headheight is too small (12.0pt): 
 Make it at least 13.59999pt.
 We now make it that large for the rest of the document.
 This may cause the page layout to be inconsistent, however.

pdfTeX warning (ext4): destination with the same identifier (name{page.1}) has 
been already used, duplicate ignored
<to be read again> 
                   \relax 
l.103 {\poemnewpage
                   } [1

] [2] [3] [4] [5] [6] [7] [8] [9] [10] [11] [12]
[13] [14] [15] [16] [17] [18] [19] [20] [21] [22] [23] [24] [25] [26] [27]
[28] [29] [30] [31] [32] [33] [34] [35] [36] [37] [38] [39] [40] [41] [42]
(./g.emd

Package Fancyhdr Warning: \fancyhead's `E' option without twoside option is use
less on input line 15.


Package Fancyhdr Warning: \fancyhead's `E' option without twoside option is use
less on input line 29.

) [43


] (./g.enx

Package Fancyhdr Warning: \fancyhead's `E' option without twoside option is use
less on input line 13.


Package Fancyhdr Warning: \fancyhead's `E' option without twoside option is use
less on input line 27.

) [44


] (./g.ent

Package Fancyhdr Warning: \fancyhead's `E' option without twoside option is use
less on input line 17.


Package Fancyhdr Warning: \fancyhead's `E' option without twoside option is use
less on input line 31.

LaTeX Font Info:    Font shape `OT1/ptm/bx/n' in size <12> not available
(Font)              Font shape `OT1/ptm/b/n' tried instead on input line 66.
) [45


]
Package atveryend Info: Empty hook `BeforeClearDocument' on input line 2072.
Package atveryend Info: Empty hook `AfterLastShipout' on input line 2072.
 (./g.aux)
Package atveryend Info: Executing hook `AtVeryEndDocument' on input line 2072.
Package atveryend Info: Executing hook `AtEndAfterFileList' on input line 2072.

Package rerunfilecheck Info: File `g.out' has not changed.
(rerunfilecheck)             Checksum: D41D8CD98F00B204E9800998ECF8427E;0.
Package atveryend Info: Empty hook `AtVeryVeryEnd' on input line 2072.
 ) 
Here is how much of TeX's memory you used:
 6325 strings out of 492649
 99426 string characters out of 6122986
 200951 words of memory out of 5000000
 10124 multiletter control sequences out of 15000+600000
 22174 words of font info for 38 fonts, out of 8000000 for 9000
 1141 hyphenation exceptions out of 8191
 28i,11n,43p,1105b,444s stack positions out of 5000i,500n,10000p,200000b,80000s
{/home/nlevisrael/texl/texlive-install/texmf-dist/fonts/enc/dvips/base/8r.enc
}</home/nlevisrael/texl/texlive-install/texmf-dist/fonts/type1/urw/times/utmb8a
.pfb></home/nlevisrael/texl/texlive-install/texmf-dist/fonts/type1/urw/times/ut
mr8a.pfb></home/nlevisrael/texl/texlive-install/texmf-dist/fonts/type1/urw/time
s/utmri8a.pfb>
Output written on g.pdf (47 pages, 104816 bytes).
PDF statistics:
 268 PDF objects out of 1000 (max. 8388607)
 213 compressed objects within 3 object streams
 49 named destinations out of 1000 (max. 500000)
 1 words of extra memory for PDF output out of 10000 (max. 10000000)

