This is pdfTeX, Version 3.14159265-2.6-1.40.19 (TeX Live 2018) (preloaded format=pdflatex 2019.5.4)  20 JUN 2019 13:15
entering extended mode
 restricted \write18 enabled.
 %&-line parsing enabled.
**gaza.tex
(./gaza.tex
LaTeX2e <2018-04-01> patch level 2
Babel <3.18> and hyphenation patterns for 84 language(s) loaded.
(/home/nlevisrael/texl/texlive-install/texmf-dist/tex/latex/base/book.cls
Document Class: book 2014/09/29 v1.4h Standard LaTeX document class
(/home/nlevisrael/texl/texlive-install/texmf-dist/tex/latex/base/bk10.clo
File: bk10.clo 2014/09/29 v1.4h Standard LaTeX file (size option)
)
\c@part=\count80
\c@chapter=\count81
\c@section=\count82
\c@subsection=\count83
\c@subsubsection=\count84
\c@paragraph=\count85
\c@subparagraph=\count86
\c@figure=\count87
\c@table=\count88
\abovecaptionskip=\skip41
\belowcaptionskip=\skip42
\bibindent=\dimen102
)
(/home/nlevisrael/texl/texlive-install/texmf-dist/tex/latex/fancyhdr/fancyhdr.s
ty
Package: fancyhdr 2017/06/30 v3.9a Extensive control of page headers and footer
s
\f@nch@headwidth=\skip43
\f@nch@O@elh=\skip44
\f@nch@O@erh=\skip45
\f@nch@O@olh=\skip46
\f@nch@O@orh=\skip47
\f@nch@O@elf=\skip48
\f@nch@O@erf=\skip49
\f@nch@O@olf=\skip50
\f@nch@O@orf=\skip51
)
(/home/nlevisrael/texl/texlive-install/texmf-dist/tex/latex/geometry/geometry.s
ty
Package: geometry 2018/03/24 v5.7 Page Geometry

(/home/nlevisrael/texl/texlive-install/texmf-dist/tex/latex/graphics/keyval.sty
Package: keyval 2014/10/28 v1.15 key=value parser (DPC)
\KV@toks@=\toks14
)
(/home/nlevisrael/texl/texlive-install/texmf-dist/tex/generic/oberdiek/ifpdf.st
y
Package: ifpdf 2017/03/15 v3.2 Provides the ifpdf switch
)
(/home/nlevisrael/texl/texlive-install/texmf-dist/tex/generic/oberdiek/ifvtex.s
ty
Package: ifvtex 2016/05/16 v1.6 Detect VTeX and its facilities (HO)
Package ifvtex Info: VTeX not detected.
)
(/home/nlevisrael/texl/texlive-install/texmf-dist/tex/generic/ifxetex/ifxetex.s
ty
Package: ifxetex 2010/09/12 v0.6 Provides ifxetex conditional
)
\Gm@cnth=\count89
\Gm@cntv=\count90
\c@Gm@tempcnt=\count91
\Gm@bindingoffset=\dimen103
\Gm@wd@mp=\dimen104
\Gm@odd@mp=\dimen105
\Gm@even@mp=\dimen106
\Gm@layoutwidth=\dimen107
\Gm@layoutheight=\dimen108
\Gm@layouthoffset=\dimen109
\Gm@layoutvoffset=\dimen110
\Gm@dimlist=\toks15
)
(/home/nlevisrael/texl/texlive-install/texmf-dist/tex/latex/base/ifthen.sty
Package: ifthen 2014/09/29 v1.1c Standard LaTeX ifthen package (DPC)
)
(/home/nlevisrael/texl/texlive-install/texmf-dist/tex/latex/base/makeidx.sty
Package: makeidx 2014/09/29 v1.0m Standard LaTeX package
)
(/home/nlevisrael/texl/texlive-install/texmf-dist/tex/latex/tools/multicol.sty
Package: multicol 2018/04/01 v1.8r multicolumn formatting (FMi)
\c@tracingmulticols=\count92
\mult@box=\box26
\multicol@leftmargin=\dimen111
\c@unbalance=\count93
\c@collectmore=\count94
\doublecol@number=\count95
\multicoltolerance=\count96
\multicolpretolerance=\count97
\full@width=\dimen112
\page@free=\dimen113
\premulticols=\dimen114
\postmulticols=\dimen115
\multicolsep=\skip52
\multicolbaselineskip=\skip53
\partial@page=\box27
\last@line=\box28
\maxbalancingoverflow=\dimen116
\mult@rightbox=\box29
\mult@grightbox=\box30
\mult@gfirstbox=\box31
\mult@firstbox=\box32
\@tempa=\box33
\@tempa=\box34
\@tempa=\box35
\@tempa=\box36
\@tempa=\box37
\@tempa=\box38
\@tempa=\box39
\@tempa=\box40
\@tempa=\box41
\@tempa=\box42
\@tempa=\box43
\@tempa=\box44
\@tempa=\box45
\@tempa=\box46
\@tempa=\box47
\@tempa=\box48
\@tempa=\box49
\c@columnbadness=\count98
\c@finalcolumnbadness=\count99
\last@try=\dimen117
\multicolovershoot=\dimen118
\multicolundershoot=\dimen119
\mult@nat@firstbox=\box50
\colbreak@box=\box51
\mc@col@check@num=\count100
)
(/home/nlevisrael/texl/texlive-install/texmf-dist/tex/latex/mparhack/mparhack.s
ty
Package: mparhack 2005/04/17 v1.4 (T. Sgouros and S. Ulrich)
)
(/home/nlevisrael/texl/texlive-install/texmf-dist/tex/latex/poemscol/poemscol.s
ty
Package: poemscol 2018/01/11 v2.98 poemscol file
\titleindentamount=\dimen120
\titleindenttwoamount=\dimen121
\titleindentthreeamount=\dimen122
\volumetitleshiftamount=\dimen123
\voladditionalamount=\dimen124
\contentsindentoneamount=\dimen125
\contentsindenttwoamount=\dimen126
\contentsindentthreeamount=\dimen127
\contentsindentfouramount=\dimen128
\contentsindentfiveamount=\dimen129
\marginparsepmin=\skip54
\versemarginadjust=\skip55
\c@verselinenumber=\count101
\c@printlineindex=\count102
\c@verselinenumberscratch=\count103
\c@printlineindexscratch=\count104
\c@lineindexrepeat=\count105
\c@lemmalines=\count106
\c@lemmaend=\count107
\c@poemnumber=\count108
\c@notepageholdertitle=\count109
\c@notepageholdernote=\count110
\fulltitleholder=\toks16
\titlesofar=\toks17
\titleincrement=\toks18
\@indexfile=\write3
\openout3 = `gaza.idx'.


Writing index file gaza.idx
\headoffsetlength=\skip56
\singlelineabbrev=\toks19
\multiplelineabbrev=\toks20
\singlepageabbrev=\toks21
\multiplepageabbrev=\toks22
\contentsentryoverrun=\skip57
\titleentryoverrun=\skip58
\versewidth=\skip59
\@memcnta=\count111
\c@cp@cntr=\count112
\pmclsideparvshift=\skip60
\pmclcontentsname=\toks23
\pmclcontentsheader=\toks24
\noteindentation=\skip61
\pmclnotesname=\toks25
\notesheadername=\toks26
\textnotescontentsname=\toks27
\emendationsname=\toks28
\emendationsheadername=\toks29
\emendationscontentsname=\toks30
\explanationsname=\toks31
\explanationsheadername=\toks32
\explanationscontentsname=\toks33
\c@margrefnumber=\count113
\margrefmarker=\toks34
\centerepigraphindentation=\skip62
\normalepigraphindentation=\skip63
\dateindent=\skip64
\c@proselinenumber=\count114
\c@prosemodulo=\count115
\pmnoteheader=\toks35
\c@pmsentencenumber=\count116
\c@pmmodulo=\count117
\c@pmindexcount=\count118
\c@pmparagraph=\count119
\pmrangeend=\toks36
\pmclsavsk=\dimen130
\pmclsavsf=\count120
\c@rectolinecounter=\count121
\c@rectoindexscratch=\count122
\c@versolinecounter=\count123
\c@versoindexscratch=\count124
\versotitleholder=\toks37
\rectotitleholder=\toks38
\synchroflag=\toks39
\versotextnotesname=\toks40
\versotextnotesheadername=\toks41
\versotextnotescontentsname=\toks42
\rectotextnotesname=\toks43
\rectotextnotesheadername=\toks44
\rectotextnotescontentsname=\toks45
\versoemendationsname=\toks46
\versoemendationsheadername=\toks47
\versoemendationscontentsname=\toks48
\rectoemendationsname=\toks49
\rectoemendationsheadername=\toks50
\rectoemendationscontentsname=\toks51
\versoexplanationsname=\toks52
\versoexplanationsheadername=\toks53
\versoexplanationscontentsname=\toks54
\rectoexplanationsname=\toks55
\rectoexplanationsheadername=\toks56
\rectoexplanationscontentsname=\toks57
\c@prosepage=\count125
\c@versoproselinecounter=\count126
\c@rectoproselinecounter=\count127
\poemindexname=\toks58
\poemindexheadername=\toks59
\poemindexcontentsname=\toks60
\poemindexlabelname=\toks61
\epigraphquoteleftmargin=\skip65
\epigraphquoterightmargin=\skip66
) (/home/nlevisrael/texl/texlive-install/texmf-dist/tex/latex/psnfss/times.sty
Package: times 2005/04/12 PSNFSS-v9.2a (SPQR) 
) (./gaza.aux)
\openout1 = `gaza.aux'.

LaTeX Font Info:    Checking defaults for OML/cmm/m/it on input line 12.
LaTeX Font Info:    ... okay on input line 12.
LaTeX Font Info:    Checking defaults for T1/cmr/m/n on input line 12.
LaTeX Font Info:    ... okay on input line 12.
LaTeX Font Info:    Checking defaults for OT1/cmr/m/n on input line 12.
LaTeX Font Info:    ... okay on input line 12.
LaTeX Font Info:    Checking defaults for OMS/cmsy/m/n on input line 12.
LaTeX Font Info:    ... okay on input line 12.
LaTeX Font Info:    Checking defaults for OMX/cmex/m/n on input line 12.
LaTeX Font Info:    ... okay on input line 12.
LaTeX Font Info:    Checking defaults for U/cmr/m/n on input line 12.
LaTeX Font Info:    ... okay on input line 12.
LaTeX Font Info:    Try loading font information for OT1+ptm on input line 12.

(/home/nlevisrael/texl/texlive-install/texmf-dist/tex/latex/psnfss/ot1ptm.fd
File: ot1ptm.fd 2001/06/04 font definitions for OT1/ptm.
)
*geometry* driver: auto-detecting
*geometry* detected driver: pdftex
*geometry* verbose mode - [ preamble ] result:
* driver: pdftex
* paper: <default>
* layout: <same size as paper>
* layoutoffset:(h,v)=(0.0pt,0.0pt)
* modes: twoside 
* h-part:(L,W,R)=(130.086pt, 289.07999pt, 195.12901pt)
* v-part:(T,H,B)=(122.85898pt, 487.8225pt, 184.28851pt)
* \paperwidth=614.295pt
* \paperheight=794.96999pt
* \textwidth=289.07999pt
* \textheight=487.8225pt
* \oddsidemargin=57.81601pt
* \evensidemargin=122.85902pt
* \topmargin=20.5215pt
* \headheight=12.0pt
* \headsep=18.06749pt
* \topskip=10.0pt
* \footskip=25.29494pt
* \marginparwidth=18.0pt
* \marginparsep=18.0pt
* \columnsep=15.0pt
* \skip\footins=9.0pt plus 4.0pt minus 2.0pt
* \hoffset=0.0pt
* \voffset=0.0pt
* \mag=1000
* \@twocolumnfalse
* \@twosidetrue
* \@mparswitchtrue
* \@reversemargintrue
* (1in=72.27pt=25.4mm, 1cm=28.453pt)

\textnotes=\write4
\openout4 = `gaza.ent'.

\emendations=\write5
\openout5 = `gaza.emd'.

\explanations=\write6
\openout6 = `gaza.enx'.

[1



{/home/nlevisrael/texl/texlive-install/texmf-var/fonts/map/pdftex/updmap/pdftex
.map}] [2

] (./gaza.ctn) [7


]
\poemcontents=\write7
\openout7 = `gaza.ctn'.


Overfull \hbox (7.73099pt too wide) in paragraph at lines 32--32
[]\OT1/ptm/m/n/16 THINKING OF GAZA FROM THOUSANDS
 []

[1

] [2]
LaTeX Font Info:    Font shape `OT1/ptm/bx/n' in size <9> not available
(Font)              Font shape `OT1/ptm/b/n' tried instead on input line 146.
 (./gaza.emd) [3


] (./gaza.enx [4


]) [5] (./gaza.ent [6


]
LaTeX Font Info:    Font shape `OT1/ptm/bx/n' in size <12> not available
(Font)              Font shape `OT1/ptm/b/n' tried instead on input line 66.
) [7] (./gaza.aux) ) 
Here is how much of TeX's memory you used:
 2296 strings out of 492649
 37962 string characters out of 6122986
 111409 words of memory out of 5000000
 6190 multiletter control sequences out of 15000+600000
 21355 words of font info for 36 fonts, out of 8000000 for 9000
 1141 hyphenation exceptions out of 8191
 24i,11n,43p,189b,378s stack positions out of 5000i,500n,10000p,200000b,80000s
{/home/nlevisrael/texl/texlive-install/texmf-dist/fonts/enc
/dvips/base/8r.enc}</home/nlevisrael/texl/texlive-install/texmf-dist/fonts/type
1/urw/times/utmb8a.pfb></home/nlevisrael/texl/texlive-install/texmf-dist/fonts/
type1/urw/times/utmr8a.pfb></home/nlevisrael/texl/texlive-install/texmf-dist/fo
nts/type1/urw/times/utmri8a.pfb>
Output written on gaza.pdf (10 pages, 40617 bytes).
PDF statistics:
 50 PDF objects out of 1000 (max. 8388607)
 34 compressed objects within 1 object stream
 0 named destinations out of 1000 (max. 500000)
 1 words of extra memory for PDF output out of 10000 (max. 10000000)

