\BOOKMARK [1][-]{section.1}{Directed Hypergraphs and Generalized Lambda Calculus}{}% 1
\BOOKMARK [2][-]{subsection.1.1}{ push0 g 0 Gpop logoCyan!50push0 g 0 Gpoptowidthheightdepth=0.3=\transparent@usepush0 g 0 Gpop=1=\transparent@use logoBlue!80push0 g 0 Gpoptowidthheightdepth }{section.1}% 2
\BOOKMARK [2][-]{subsection.1.2}{ push0 g 0 Gpop logoCyan!50push0 g 0 Gpoptowidthheightdepth=0.3\transparent@usepush0 g 0 Gpop=1\transparent@useSerializing Data via Hypergraphs logoBlue!80push0 g 0 Gpoptowidthheightdepth }{section.1}% 3
\BOOKMARK [2][-]{subsection.1.3}{ push0 g 0 Gpop logoCyan!50push0 g 0 Gpoptowidthheightdepth=0.3\transparent@usepush0 g 0 Gpop=1\transparent@useChannelized Hypergraphs and RDF logoBlue!80push0 g 0 Gpoptowidthheightdepth }{section.1}% 4
\BOOKMARK [2][-]{subsection.1.4}{ push0 g 0 Gpop logoCyan!50push0 g 0 Gpoptowidthheightdepth=0.3\transparent@usepush0 g 0 Gpop=1\transparent@useType Systems' Architecture logoBlue!80push0 g 0 Gpoptowidthheightdepth }{section.1}% 5
\BOOKMARK [2][-]{subsection.1.5}{ push0 g 0 Gpop logoCyan!50push0 g 0 Gpoptowidthheightdepth=0.3\transparent@usepush0 g 0 Gpop=1\transparent@useKinds of Abstraction logoBlue!80push0 g 0 Gpoptowidthheightdepth }{section.1}% 6
\BOOKMARK [1][-]{section.2}{Channel Algebra and Value Constructors}{}% 7
\BOOKMARK [2][-]{subsection.2.1}{ push0 g 0 Gpop logoCyan!50push0 g 0 Gpoptowidthheightdepth=0.3\transparent@usepush0 g 0 Gpop=1\transparent@useInitializing Function-Typed Values logoBlue!80push0 g 0 Gpoptowidthheightdepth }{section.2}% 8
\BOOKMARK [2][-]{subsection.2.2}{ push0 g 0 Gpop logoCyan!50push0 g 0 Gpoptowidthheightdepth=0.3\transparent@usepush0 g 0 Gpop=1\transparent@useAddressability and Implementation logoBlue!80push0 g 0 Gpoptowidthheightdepth }{section.2}% 9
\BOOKMARK [2][-]{subsection.2.3}{ push0 g 0 Gpop logoCyan!50push0 g 0 Gpoptowidthheightdepth=0.3\transparent@usepush0 g 0 Gpop=1\transparent@useDescribed Types and Actual Types logoBlue!80push0 g 0 Gpoptowidthheightdepth }{section.2}% 10
\BOOKMARK [2][-]{subsection.2.4}{ push0 g 0 Gpop logoCyan!50push0 g 0 Gpoptowidthheightdepth=0.3\transparent@usepush0 g 0 Gpop=1\transparent@use logoBlue!80push0 g 0 Gpoptowidthheightdepth }{section.2}% 11
\BOOKMARK [2][-]{subsection.2.5}{ push0 g 0 Gpop logoCyan!50push0 g 0 Gpoptowidthheightdepth=0.3\transparent@usepush0 g 0 Gpop=1\transparent@useDependent Types and Typestate logoBlue!80push0 g 0 Gpoptowidthheightdepth }{section.2}% 12
\BOOKMARK [1][-]{section.3}{Channels and Carriers}{}% 13
\BOOKMARK [2][-]{subsection.3.1}{ push0 g 0 Gpop logoCyan!50push0 g 0 Gpoptowidthheightdepth=0.3\transparent@usepush0 g 0 Gpop=1\transparent@useCarriers and Careers logoBlue!80push0 g 0 Gpoptowidthheightdepth }{section.3}% 14
\BOOKMARK [2][-]{subsection.3.2}{ push0 g 0 Gpop logoCyan!50push0 g 0 Gpoptowidthheightdepth=0.3\transparent@usepush0 g 0 Gpop=1\transparent@use logoBlue!80push0 g 0 Gpoptowidthheightdepth }{section.3}% 15
\BOOKMARK [2][-]{subsection.3.3}{ push0 g 0 Gpop logoCyan!50push0 g 0 Gpoptowidthheightdepth=0.3\transparent@usepush0 g 0 Gpop=1\transparent@use logoBlue!80push0 g 0 Gpoptowidthheightdepth }{section.3}% 16
\BOOKMARK [3][-]{subsubsection.3.3.1}{Channelized-Type Interpretations of Larger-Scale Source Code Elements}{subsection.3.3}% 17
\BOOKMARK [3][-]{subsubsection.3.3.2}{Statements, Blocks, and Control Flow}{subsection.3.3}% 18
\BOOKMARK [3][-]{subsubsection.3.3.3}{Code Blocks as Typed Values}{subsection.3.3}% 19
\BOOKMARK [2][-]{subsection.3.4}{ push0 g 0 Gpop logoCyan!50push0 g 0 Gpoptowidthheightdepth=0.3\transparent@usepush0 g 0 Gpop=1\transparent@useAddendum logoBlue!80push0 g 0 Gpoptowidthheightdepth }{section.3}% 20
\BOOKMARK [1][-]{section.4}{Conclusion}{}% 21
