\BOOKMARK [1][-]{section.1}{Mereology as a Cognitive Phenomenon}{}% 1
\BOOKMARK [2][-]{subsection.1.1}{ push0 g 0 Gpop logoCyan!50push0 g 0 Gpoptowidthheightdepth=0.3=\transparent@usepush0 g 0 Gpop=1=\transparent@use logoBlue!80push0 g 0 Gpoptowidthheightdepth }{section.1}% 2
\BOOKMARK [2][-]{subsection.1.2}{ push0 g 0 Gpop logoCyan!50push0 g 0 Gpoptowidthheightdepth=0.3=\transparent@usepush0 g 0 Gpop=1=\transparent@use logoBlue!80push0 g 0 Gpoptowidthheightdepth }{section.1}% 3
\BOOKMARK [2][-]{subsection.1.3}{ push0 g 0 Gpop logoCyan!50push0 g 0 Gpoptowidthheightdepth=0.3=\transparent@usepush0 g 0 Gpop=1=\transparent@useCoherence and Concepts logoBlue!80push0 g 0 Gpoptowidthheightdepth }{section.1}% 4
\BOOKMARK [2][-]{subsection.1.4}{ push0 g 0 Gpop logoCyan!50push0 g 0 Gpoptowidthheightdepth=0.3=\transparent@usepush0 g 0 Gpop=1=\transparent@use logoBlue!80push0 g 0 Gpoptowidthheightdepth }{section.1}% 5
\BOOKMARK [2][-]{subsection.1.5}{ push0 g 0 Gpop logoCyan!50push0 g 0 Gpoptowidthheightdepth=0.3=\transparent@usepush0 g 0 Gpop=1=\transparent@use logoBlue!80push0 g 0 Gpoptowidthheightdepth }{section.1}% 6
\BOOKMARK [1][-]{section.2}{Mereology as a Scientific Phenomenon}{}% 7
\BOOKMARK [2][-]{subsection.2.1}{ push0 g 0 Gpop logoCyan!50push0 g 0 Gpoptowidthheightdepth=0.3=\transparent@usepush0 g 0 Gpop=1=\transparent@use logoBlue!80push0 g 0 Gpoptowidthheightdepth }{section.2}% 8
\BOOKMARK [2][-]{subsection.2.2}{ push0 g 0 Gpop logoCyan!50push0 g 0 Gpoptowidthheightdepth=0.3=\transparent@usepush0 g 0 Gpop=1=\transparent@use logoBlue!80push0 g 0 Gpoptowidthheightdepth }{section.2}% 9
\BOOKMARK [2][-]{subsection.2.3}{ push0 g 0 Gpop logoCyan!50push0 g 0 Gpoptowidthheightdepth=0.3=\transparent@usepush0 g 0 Gpop=1=\transparent@useMultiscientific Objects logoBlue!80push0 g 0 Gpoptowidthheightdepth }{section.2}% 10
\BOOKMARK [3][-]{subsubsection.2.3.1}{R-Quantification and Non-Antisymmerty}{subsection.2.3}% 11
\BOOKMARK [3][-]{subsubsection.2.3.2}{R-Quantification and Cognitive Frames}{subsection.2.3}% 12
\BOOKMARK [1][-]{section.3}{Mereology as a Technological Phenomenon}{}% 13
\BOOKMARK [2][-]{subsection.3.1}{ push0 g 0 Gpop logoCyan!50push0 g 0 Gpoptowidthheightdepth=0.3=\transparent@usepush0 g 0 Gpop=1=\transparent@useMereology and Models logoBlue!80push0 g 0 Gpoptowidthheightdepth }{section.3}% 14
\BOOKMARK [3][-]{subsubsection.3.1.1}{Concepts and lexemes are not model-thoretic models}{subsection.3.1}% 15
\BOOKMARK [2][-]{subsection.3.2}{ push0 g 0 Gpop logoCyan!50push0 g 0 Gpoptowidthheightdepth=0.3=\transparent@usepush0 g 0 Gpop=1=\transparent@use logoBlue!80push0 g 0 Gpoptowidthheightdepth }{section.3}% 16
\BOOKMARK [3][-]{subsubsection.3.2.1}{Several Systems}{subsection.3.2}% 17
\BOOKMARK [3][-]{subsubsection.3.2.2}{Normalizing Arbtitraily Granular Mereologies}{subsection.3.2}% 18
\BOOKMARK [2][-]{subsection.3.3}{ push0 g 0 Gpop logoCyan!50push0 g 0 Gpoptowidthheightdepth=0.3=\transparent@usepush0 g 0 Gpop=1=\transparent@useConcreteness and Computation logoBlue!80push0 g 0 Gpoptowidthheightdepth }{section.3}% 19
\BOOKMARK [3][-]{subsubsection.3.3.1}{Mereology and Hypergraphs}{subsection.3.3}% 20
\BOOKMARK [1][-]{section.4}{Conclusiom}{}% 21
